{
  "RSpec": {
    "coverage": {
      "/home/andela/workspace/fly/config/environment.rb": [
        null,
        1,
        null,
        null,
        1
      ],
      "/home/andela/workspace/fly/config/application.rb": [
        1,
        null,
        1,
        null,
        null,
        null,
        1,
        null,
        1,
        1,
        null,
        null,
        null,
        null,
        null,
        null,
        null,
        null,
        null,
        null,
        null,
        null,
        null,
        1,
        null,
        null
      ],
      "/home/andela/workspace/fly/config/boot.rb": [
        1,
        null,
        1
      ],
      "/home/andela/workspace/fly/config/environments/test.rb": [
        1,
        null,
        null,
        null,
        null,
        null,
        null,
        1,
        1,
        null,
        null,
        null,
        null,
        1,
        null,
        null,
        1,
        1,
        null,
        null,
        1,
        1,
        null,
        null,
        1,
        null,
        null,
        1,
        null,
        null,
        null,
        null,
        1,
        null,
        null,
        1,
        null,
        null,
        1,
        null,
        null,
        null,
        null
      ],
      "/home/andela/workspace/fly/config/initializers/assets.rb": [
        null,
        null,
        null,
        1,
        null,
        null,
        null,
        null,
        null,
        null,
        null
      ],
      "/home/andela/workspace/fly/config/initializers/backtrace_silencers.rb": [
        null,
        null,
        null,
        null,
        null,
        null,
        null
      ],
      "/home/andela/workspace/fly/config/initializers/cookies_serializer.rb": [
        null,
        null,
        1
      ],
      "/home/andela/workspace/fly/config/initializers/filter_parameter_logging.rb": [
        null,
        null,
        null,
        1
      ],
      "/home/andela/workspace/fly/config/initializers/inflections.rb": [
        null,
        null,
        null,
        null,
        null,
        null,
        null,
        null,
        null,
        null,
        null,
        null,
        null,
        null,
        null,
        null
      ],
      "/home/andela/workspace/fly/config/initializers/mime_types.rb": [
        null,
        null,
        null,
        null,
        null
      ],
      "/home/andela/workspace/fly/config/initializers/omniauth.rb": [
        1,
        null,
        1,
        null,
        null,
        1,
        null
      ],
      "/home/andela/workspace/fly/config/initializers/session_store.rb": [
        null,
        null,
        1
      ],
      "/home/andela/workspace/fly/config/initializers/wrap_parameters.rb": [
        null,
        null,
        null,
        null,
        null,
        null,
        1,
        1,
        null,
        null,
        null,
        null,
        null,
        null
      ],
      "/home/andela/workspace/fly/config/routes.rb": [
        1,
        null,
        1,
        1,
        1,
        1,
        1,
        1,
        1,
        1,
        1,
        1,
        1,
        1,
        null
      ],
      "/home/andela/workspace/fly/app/helpers/application_helper.rb": [
        1,
        null
      ],
      "/home/andela/workspace/fly/app/helpers/bookings_helper.rb": [
        1,
        1,
        2,
        2,
        4,
        2,
        null,
        null
      ],
      "/home/andela/workspace/fly/app/helpers/flights_helper.rb": [
        1,
        null
      ],
      "/home/andela/workspace/fly/app/helpers/layouts_helper.rb": [
        1,
        null
      ],
      "/home/andela/workspace/fly/app/helpers/pages_helper.rb": [
        1,
        null
      ],
      "/home/andela/workspace/fly/app/helpers/paypal_express_helper.rb": [
        1,
        null
      ],
      "/home/andela/workspace/fly/app/helpers/sessions_helper.rb": [
        1,
        null
      ],
      "/home/andela/workspace/fly/app/helpers/users_helper.rb": [
        1,
        null
      ],
      "/home/andela/workspace/fly/app/controllers/bookings_controller.rb": [
        1,
        1,
        1,
        1,
        null,
        null,
        1,
        6,
        6,
        null,
        null,
        1,
        4,
        1,
        null,
        3,
        3,
        3,
        3,
        3,
        null,
        null,
        null,
        1,
        4,
        4,
        4,
        2,
        null,
        3,
        6,
        null,
        null,
        null,
        null,
        1,
        2,
        2,
        2,
        1,
        null,
        2,
        1,
        null,
        null,
        null,
        null,
        1,
        1,
        1,
        1,
        2,
        1,
        null,
        null,
        null,
        null,
        1,
        3,
        1,
        null,
        2,
        2,
        null,
        null,
        null,
        1,
        3,
        null,
        null,
        1,
        1,
        7,
        null,
        null,
        1,
        11,
        null,
        null,
        null,
        1,
        6,
        null,
        null,
        1,
        2,
        null,
        null
      ],
      "/home/andela/workspace/fly/app/controllers/application_controller.rb": [
        1,
        null,
        null,
        1,
        null,
        1,
        1,
        111,
        null,
        null,
        1,
        null,
        null
      ],
      "/home/andela/workspace/fly/app/controllers/flights_controller.rb": [
        1,
        null,
        1,
        9,
        18,
        9,
        9,
        null,
        null,
        null,
        1,
        3,
        null,
        null,
        1,
        null,
        1,
        3,
        3,
        3,
        3,
        2,
        2,
        null,
        1,
        1,
        null,
        null,
        null,
        null
      ],
      "/home/andela/workspace/fly/app/models/booking.rb": [
        1,
        1,
        1,
        1,
        1,
        1,
        null,
        1,
        45,
        315,
        null,
        null,
        null
      ],
      "/home/andela/workspace/fly/app/models/passenger.rb": [
        1,
        1,
        1,
        1,
        null
      ],
      "/home/andela/workspace/fly/app/models/airport.rb": [
        1,
        1,
        null
      ],
      "/home/andela/workspace/fly/app/models/flight.rb": [
        1,
        1,
        1,
        1,
        1,
        1,
        1,
        null,
        1,
        3,
        null,
        null
      ],
      "/home/andela/workspace/fly/app/controllers/pages_controller.rb": [
        1,
        null,
        null
      ],
      "/home/andela/workspace/fly/app/models/user.rb": [
        1,
        1,
        null,
        1,
        4,
        null,
        null,
        1,
        4,
        null,
        null,
        null,
        null,
        null,
        null,
        null,
        null
      ],
      "/home/andela/workspace/fly/app/controllers/sessions_controller.rb": [
        1,
        null,
        1,
        4,
        4,
        4,
        4,
        4,
        4,
        null,
        null,
        1,
        1,
        1,
        null,
        null,
        1,
        2,
        2,
        2,
        2,
        null,
        null
      ],
      "/home/andela/workspace/fly/app/mailers/fly_mail.rb": [
        1,
        1,
        null,
        1,
        2,
        2,
        2,
        null,
        null
      ],
      "/home/andela/workspace/fly/app/mailers/application_mailer.rb": [
        1,
        1,
        1,
        null
      ]
    },
    "timestamp": 1448538692
  }
}
